C51 COMPILER V9.60.0.0   MAIN                                                              06/17/2024 16:13:49 PAGE 1   


C51 COMPILER V9.60.0.0, COMPILATION OF MODULE MAIN
OBJECT MODULE PLACED IN .\Objects\main.obj
COMPILER INVOKED BY: D:\Compiler\keil5\C51\BIN\C51.EXE main.c OPTIMIZE(8,SPEED) BROWSE DEBUG OBJECTEXTEND PRINT(.\Listin
                    -gs\main.lst) TABS(2) OBJECT(.\Objects\main.obj)

line level    source

   1          #include <REGX52.H>
   2          #include"Timer0.h"
   3          #include"LCD1602.h"
   4          int num=0;
   5          void main()
   6          {
   7   1        
   8   1        Timer0Init();
   9   1        LCD_Init();
  10   1        while(1)
  11   1        {
  12   2          
  13   2        }
  14   1      }
  15          
  16          void Timer0_Routine() interrupt 1
  17          {
  18   1        static unsigned int T0Count;
  19   1        TL0 = 0x18;   //设置定时初值
  20   1        TH0 = 0xFC;   //设置定时初值
  21   1        T0Count++;
  22   1        if(T0Count>=1000)
  23   1        {
  24   2          T0Count=0;
  25   2          num++;
  26   2          LCD_ShowNum(1,1,num,8);
  27   2        }
  28   1      }


MODULE INFORMATION:   STATIC OVERLAYABLE
   CODE SIZE        =    114    ----
   CONSTANT SIZE    =   ----    ----
   XDATA SIZE       =   ----    ----
   PDATA SIZE       =   ----    ----
   DATA SIZE        =      4    ----
   IDATA SIZE       =   ----    ----
   BIT SIZE         =   ----    ----
END OF MODULE INFORMATION.


C51 COMPILATION COMPLETE.  0 WARNING(S),  0 ERROR(S)
