C51 COMPILER V9.60.0.0   MAIN                                                              06/16/2024 20:32:35 PAGE 1   


C51 COMPILER V9.60.0.0, COMPILATION OF MODULE MAIN
OBJECT MODULE PLACED IN .\Objects\main.obj
COMPILER INVOKED BY: D:\Compiler\keil5\C51\BIN\C51.EXE main.c OPTIMIZE(8,SPEED) BROWSE DEBUG OBJECTEXTEND PRINT(.\Listin
                    -gs\main.lst) TABS(2) OBJECT(.\Objects\main.obj)

line level    source

   1          #include <REGX52.H>
   2          #include"LCD1602.h"
   3          #include"Delay.h"
   4          #include"Matricx.h"
   5          unsigned char keynum;
   6          void main()
   7          {
   8   1        LCD_Init();
   9   1        LCD_ShowString(1,1,"KEYNUM");
  10   1        
  11   1        while(1)
  12   1        {
  13   2          keynum=Matricx();
  14   2          if(keynum)
  15   2          {
  16   3            LCD_ShowNum(2,1,keynum,2);
  17   3          }
  18   2        }
  19   1      }
  20            


MODULE INFORMATION:   STATIC OVERLAYABLE
   CODE SIZE        =     40    ----
   CONSTANT SIZE    =      7    ----
   XDATA SIZE       =   ----    ----
   PDATA SIZE       =   ----    ----
   DATA SIZE        =      1    ----
   IDATA SIZE       =   ----    ----
   BIT SIZE         =   ----    ----
END OF MODULE INFORMATION.


C51 COMPILATION COMPLETE.  0 WARNING(S),  0 ERROR(S)
