C51 COMPILER V9.54   MAIN                                                                  03/30/2024 17:18:05 PAGE 1   


C51 COMPILER V9.54, COMPILATION OF MODULE MAIN
OBJECT MODULE PLACED IN .\Objects\main.obj
COMPILER INVOKED BY: D:\SoftWare\Compiler\Keil 4\C51\BIN\C51.EXE main.c OPTIMIZE(8,SPEED) BROWSE DEBUG OBJECTEXTEND PRIN
                    -T(.\Listings\main.lst) TABS(2) OBJECT(.\Objects\main.obj)

line level    source

   1          #include <REGX52.H>
   2          #include"Nixie.h"
   3          #include"delay.h"
   4          
   5          
   6          void main()
   7          {
   8   1        unsigned char num;
   9   1        while(1)
  10   1        {
  11   2          
  12   2          for(num=0;num<10;num++)
  13   2          {
  14   3            Delay(800);
  15   3            P0=Nixie(num);
  16   3          }
  17   2          for(num=9;num>=1;num--)
  18   2          {
  19   3            Delay(800);
  20   3            P0=Nixie(num);
  21   3          }
  22   2          P0=Nixie(8);
  23   2      
  24   2        }
  25   1      }


MODULE INFORMATION:   STATIC OVERLAYABLE
   CODE SIZE        =     61    ----
   CONSTANT SIZE    =   ----    ----
   XDATA SIZE       =   ----    ----
   PDATA SIZE       =   ----    ----
   DATA SIZE        =   ----       1
   IDATA SIZE       =   ----    ----
   BIT SIZE         =   ----    ----
END OF MODULE INFORMATION.


C51 COMPILATION COMPLETE.  0 WARNING(S),  0 ERROR(S)
