C51 COMPILER V9.54   NIXIE                                                                 03/30/2024 17:18:05 PAGE 1   


C51 COMPILER V9.54, COMPILATION OF MODULE NIXIE
OBJECT MODULE PLACED IN .\Objects\Nixie.obj
COMPILER INVOKED BY: D:\SoftWare\Compiler\Keil 4\C51\BIN\C51.EXE Nixie.c OPTIMIZE(8,SPEED) BROWSE DEBUG OBJECTEXTEND PRI
                    -NT(.\Listings\Nixie.lst) TABS(2) OBJECT(.\Objects\Nixie.obj)

line level    source

   1          unsigned char Nixie(unsigned char i)
   2          {
   3   1        unsigned char  keyborad[]={0xc0,0xf9, 0xa4, 0xb0, 0x99,0x92, 0x82, 0xf8, 0x80, 0x90};//共阳极数码管
   4   1        return keyborad[i];
   5   1      }


MODULE INFORMATION:   STATIC OVERLAYABLE
   CODE SIZE        =     29    ----
   CONSTANT SIZE    =     10    ----
   XDATA SIZE       =   ----    ----
   PDATA SIZE       =   ----    ----
   DATA SIZE        =   ----      11
   IDATA SIZE       =   ----    ----
   BIT SIZE         =   ----    ----
END OF MODULE INFORMATION.


C51 COMPILATION COMPLETE.  0 WARNING(S),  0 ERROR(S)
