C51 COMPILER V9.60.0.0   MIAN                                                              06/17/2024 21:04:43 PAGE 1   


C51 COMPILER V9.60.0.0, COMPILATION OF MODULE MIAN
OBJECT MODULE PLACED IN .\Objects\mian.obj
COMPILER INVOKED BY: D:\Compiler\keil5\C51\BIN\C51.EXE mian.c OPTIMIZE(8,SPEED) BROWSE DEBUG OBJECTEXTEND PRINT(.\Listin
                    -gs\mian.lst) TABS(2) OBJECT(.\Objects\mian.obj)

line level    source

   1          #include <REGX52.H>
   2          #include"Delay.h"
   3          #include"UART.h"
   4          
   5          unsigned char Sec;
   6          void main()
   7          {
   8   1          UART_Init();
   9   1          while(1)
  10   1        {
  11   2          UART_SendByte(0xff);
  12   2          Delay(1);//当发送过快时由于波特率会产生误差，使用Delay可以减慢发送速度减低
             -差
  13   2          UART_SendByte(Sec);
  14   2          Sec++;
  15   2          Delay(1000);
  16   2        }
  17   1      }


MODULE INFORMATION:   STATIC OVERLAYABLE
   CODE SIZE        =     31    ----
   CONSTANT SIZE    =   ----    ----
   XDATA SIZE       =   ----    ----
   PDATA SIZE       =   ----    ----
   DATA SIZE        =      1    ----
   IDATA SIZE       =   ----    ----
   BIT SIZE         =   ----    ----
END OF MODULE INFORMATION.


C51 COMPILATION COMPLETE.  0 WARNING(S),  0 ERROR(S)
