C51 COMPILER V9.60.0.0   UART                                                              06/17/2024 21:04:43 PAGE 1   


C51 COMPILER V9.60.0.0, COMPILATION OF MODULE UART
OBJECT MODULE PLACED IN .\Objects\UART.obj
COMPILER INVOKED BY: D:\Compiler\keil5\C51\BIN\C51.EXE UART.c OPTIMIZE(8,SPEED) BROWSE DEBUG OBJECTEXTEND PRINT(.\Listin
                    -gs\UART.lst) TABS(2) OBJECT(.\Objects\UART.obj)

line level    source

   1          #include <REGX52.H>
   2          
   3          void UART_Init(void)    //4800bps@12.000MHz 初始化函数
   4          {
   5   1        PCON |= 0x80;   //使能波特率倍速位SMOD
   6   1        SCON = 0x50;    //8位数据,可变波特率
   7   1        TMOD &= 0x0F;   //清除定时器1模式位
   8   1        TMOD |= 0x20;   //设定定时器1为8位自动重装方式
   9   1        TL1 = 0xF3;   //设定定时初值
  10   1        TH1 = 0xF3;   //设定定时器重装值
  11   1        ET1 = 0;    //禁止定时器1中断
  12   1        TR1 = 1;    //启动定时器1
  13   1      }
  14          
  15          void UART_SendByte(unsigned char Byte)//发送函数
  16          {
  17   1        SBUF=Byte;//数据装载进SBUF
  18   1        while(TI==0);//发送中断请求标志位，发送完成后置1，此处为检测是否完成发送
  19   1        TI=0;//软件复位
  20   1      }


MODULE INFORMATION:   STATIC OVERLAYABLE
   CODE SIZE        =     31    ----
   CONSTANT SIZE    =   ----    ----
   XDATA SIZE       =   ----    ----
   PDATA SIZE       =   ----    ----
   DATA SIZE        =   ----    ----
   IDATA SIZE       =   ----    ----
   BIT SIZE         =   ----    ----
END OF MODULE INFORMATION.


C51 COMPILATION COMPLETE.  0 WARNING(S),  0 ERROR(S)
