C51 COMPILER V9.60.0.0   MAIN                                                              06/16/2024 14:22:46 PAGE 1   


C51 COMPILER V9.60.0.0, COMPILATION OF MODULE MAIN
OBJECT MODULE PLACED IN .\Objects\main.obj
COMPILER INVOKED BY: D:\Compiler\keil5\C51\BIN\C51.EXE main.c OPTIMIZE(8,SPEED) BROWSE DEBUG OBJECTEXTEND PRINT(.\Listin
                    -gs\main.lst) TABS(2) OBJECT(.\Objects\main.obj)

line level    source

   1          #include "multi_Nixie.h"
   2          #include <REGX52.H>
   3          #include"Delay.h"
   4          
   5          void main()
   6          {
   7   1        unsigned char unit;
   8   1        while(1)
   9   1        {
  10   2          for(unit=1;unit<=9;unit++)
  11   2          {
  12   3            multi_Nixie(unit,unit);
  13   3          }
  14   2        }
  15   1        
  16   1      }
  17            
  18          


MODULE INFORMATION:   STATIC OVERLAYABLE
   CODE SIZE        =     25    ----
   CONSTANT SIZE    =   ----    ----
   XDATA SIZE       =   ----    ----
   PDATA SIZE       =   ----    ----
   DATA SIZE        =   ----       1
   IDATA SIZE       =   ----    ----
   BIT SIZE         =   ----    ----
END OF MODULE INFORMATION.


C51 COMPILATION COMPLETE.  0 WARNING(S),  0 ERROR(S)
