C51 COMPILER V9.60.0.0   MULTI_NIXIE                                                       06/16/2024 14:22:47 PAGE 1   


C51 COMPILER V9.60.0.0, COMPILATION OF MODULE MULTI_NIXIE
OBJECT MODULE PLACED IN .\Objects\multi_Nixie.obj
COMPILER INVOKED BY: D:\Compiler\keil5\C51\BIN\C51.EXE multi_Nixie.c OPTIMIZE(8,SPEED) BROWSE DEBUG OBJECTEXTEND PRINT(.
                    -\Listings\multi_Nixie.lst) TABS(2) OBJECT(.\Objects\multi_Nixie.obj)

line level    source

   1          #include <REGX52.H>
   2          #include"Nixie.h"
   3          #include"Delay.h"
   4          
   5          void multi_Nixie(unsigned char Location,signed char i )
   6          {
   7   1        switch (Location)//A B C 依次由低到高
   8   1        {
   9   2          case 1:P0_0=0;P0_1=0;P0_2=0;break;
  10   2          case 2:P0_0=0;P0_1=0;P0_2=1;break;
  11   2          case 3:P0_0=0;P0_1=1;P0_2=0;break;
  12   2          case 4:P0_0=0;P0_1=1;P0_2=1;break;
  13   2          case 5:P0_0=1;P0_1=0;P0_2=0;break;
  14   2          case 6:P0_0=1;P0_1=0;P0_2=1;break;
  15   2          case 7:P0_0=1;P0_1=1;P0_2=0;break;
  16   2          case 8:P0_0=1;P0_1=1;P0_2=1;break;
  17   2          
  18   2        }
  19   1        P3=Nixie(i);
  20   1        Delay(1);
  21   1        P3=0x00;
  22   1          
  23   1        
  24   1        
  25   1      }


MODULE INFORMATION:   STATIC OVERLAYABLE
   CODE SIZE        =    111    ----
   CONSTANT SIZE    =   ----    ----
   XDATA SIZE       =   ----    ----
   PDATA SIZE       =   ----    ----
   DATA SIZE        =   ----    ----
   IDATA SIZE       =   ----    ----
   BIT SIZE         =   ----    ----
END OF MODULE INFORMATION.


C51 COMPILATION COMPLETE.  0 WARNING(S),  0 ERROR(S)
