C51 COMPILER V9.60.0.0   NIXIE                                                             06/16/2024 14:22:46 PAGE 1   


C51 COMPILER V9.60.0.0, COMPILATION OF MODULE NIXIE
OBJECT MODULE PLACED IN .\Objects\Nixie.obj
COMPILER INVOKED BY: D:\Compiler\keil5\C51\BIN\C51.EXE Nixie.c OPTIMIZE(8,SPEED) BROWSE DEBUG OBJECTEXTEND PRINT(.\Listi
                    -ngs\Nixie.lst) TABS(2) OBJECT(.\Objects\Nixie.obj)

line level    source

   1          unsigned char Nixie(unsigned char i)
   2          {
   3   1        unsigned char  keyborad[]={0x3f, 0x06, 0x5b, 0x4f, 0x66, 0x6d, 0x7d, 0x07, 0x7f, 0x6f};//共阴极数码管0-9
   4   1      
   5   1        return keyborad[i];
   6   1      }


MODULE INFORMATION:   STATIC OVERLAYABLE
   CODE SIZE        =     29    ----
   CONSTANT SIZE    =     10    ----
   XDATA SIZE       =   ----    ----
   PDATA SIZE       =   ----    ----
   DATA SIZE        =   ----      11
   IDATA SIZE       =   ----    ----
   BIT SIZE         =   ----    ----
END OF MODULE INFORMATION.


C51 COMPILATION COMPLETE.  0 WARNING(S),  0 ERROR(S)
